#
# There is insufficient memory for the Java Runtime Environment to continue.
# Native memory allocation (mmap) failed to map 268435456 bytes for G1 virtual space
# Possible reasons:
#   The system is out of physical RAM or swap space
#   The process is running with CompressedOops enabled, and the Java Heap may be blocking the growth of the native heap
# Possible solutions:
#   Reduce memory load on the system
#   Increase physical memory or swap space
#   Check if swap backing store is full
#   Decrease Java heap size (-Xmx/-Xms)
#   Decrease number of Java threads
#   Decrease Java thread stack sizes (-Xss)
#   Set larger code cache with -XX:ReservedCodeCacheSize=
#   JVM is running with Zero Based Compressed Oops mode in which the Java heap is
#     placed in the first 32GB address space. The Java Heap base address is the
#     maximum limit for the native heap growth. Please use -XX:HeapBaseMinAddress
#     to set the Java Heap base and to place the Java Heap above 32GB virtual address.
# This output file may be truncated or incomplete.
#
#  Out of Memory Error (os_windows.cpp:3613), pid=9668, tid=24272
#
# JRE version:  (17.0.9+9) (build )
# Java VM: OpenJDK 64-Bit Server VM (17.0.9+9, mixed mode, sharing, tiered, compressed oops, compressed class ptrs, g1 gc, windows-amd64)
# No core dump will be written. Minidumps are not enabled by default on client versions of Windows
#

---------------  S U M M A R Y ------------

Command Line: 

Host: Intel(R) Core(TM) i3-10105F CPU @ 3.70GHz, 8 cores, 15G,  Windows 10 , 64 bit Build 19041 (10.0.19041.2913)
Time: Sun Dec 29 22:03:17 2024 SE Asia Standard Time elapsed time: 0.010470 seconds (0d 0h 0m 0s)

---------------  T H R E A D  ---------------

Current thread (0x00000278c9456f30):  JavaThread "Unknown thread" [_thread_in_vm, id=24272, stack(0x00000099e3a00000,0x00000099e3b00000)]

Stack: [0x00000099e3a00000,0x00000099e3b00000]
Native frames: (J=compiled Java code, j=interpreted, Vv=VM code, C=native code)
V  [jvm.dll+0x67cf49]
V  [jvm.dll+0x83478a]
V  [jvm.dll+0x83624e]
V  [jvm.dll+0x8368b3]
V  [jvm.dll+0x247f1f]
V  [jvm.dll+0x679d69]
V  [jvm.dll+0x66e6ba]
V  [jvm.dll+0x307e5b]
V  [jvm.dll+0x30f306]
V  [jvm.dll+0x35f0ce]
V  [jvm.dll+0x35f2ff]
V  [jvm.dll+0x2dea58]
V  [jvm.dll+0x2df9c4]
V  [jvm.dll+0x806031]
V  [jvm.dll+0x36cf31]
V  [jvm.dll+0x7e4aac]
V  [jvm.dll+0x3f07af]
V  [jvm.dll+0x3f23e1]
C  [jli.dll+0x528f]
C  [ucrtbase.dll+0x21bb2]
C  [KERNEL32.DLL+0x17614]
C  [ntdll.dll+0x526a1]


---------------  P R O C E S S  ---------------

Threads class SMR info:
_java_thread_list=0x00007fffff13ee98, length=0, elements={
}

Java Threads: ( => current thread )

Other Threads:
  0x00000278c94c3210 GCTaskThread "GC Thread#0" [stack: 0x00000099e3b00000,0x00000099e3c00000] [id=19140]
  0x00000278c94d4f10 ConcurrentGCThread "G1 Main Marker" [stack: 0x00000099e3c00000,0x00000099e3d00000] [id=25224]
  0x00000278c94d5fe0 ConcurrentGCThread "G1 Conc#0" [stack: 0x00000099e3d00000,0x00000099e3e00000] [id=18864]

[error occurred during error reporting (printing all threads), id 0xc0000005, EXCEPTION_ACCESS_VIOLATION (0xc0000005) at pc=0x00007ffffe8ff497]

VM state: not at safepoint (not fully initialized)

VM Mutex/Monitor currently owned by a thread:  ([mutex/lock_event])
[0x00000278c9452050] Heap_lock - owner thread: 0x00000278c9456f30

Heap address: 0x0000000701600000, size: 4074 MB, Compressed Oops mode: Zero based, Oop shift amount: 3

CDS archive(s) mapped at: [0x0000000000000000-0x0000000000000000-0x0000000000000000), size 0, SharedBaseAddress: 0x0000000800000000, ArchiveRelocationMode: 1.
Narrow klass base: 0x0000000000000000, Narrow klass shift: 0, Narrow klass range: 0x0

GC Precious Log:
<Empty>

Heap:
 garbage-first heap   total 0K, used 0K [0x0000000701600000, 0x0000000800000000)
  region size 2048K, 0 young (0K), 0 survivors (0K)

[error occurred during error reporting (printing heap information), id 0xc0000005, EXCEPTION_ACCESS_VIOLATION (0xc0000005) at pc=0x00007ffffece6c79]

GC Heap History (0 events):
No events

Dll operation events (1 events):
Event: 0.005 Loaded shared library D:\Unity\6000.0.28f1\Editor\Data\PlaybackEngines\AndroidPlayer\OpenJDK\bin\java.dll

Deoptimization events (0 events):
No events

Classes unloaded (0 events):
No events

Classes redefined (0 events):
No events

Internal exceptions (0 events):
No events

VM Operations (0 events):
No events

Events (0 events):
No events


Dynamic libraries:
0x00007ff7b0cd0000 - 0x00007ff7b0cde000 	D:\Unity\6000.0.28f1\Editor\Data\PlaybackEngines\AndroidPlayer\OpenJDK\bin\java.exe
0x00007ff8cba90000 - 0x00007ff8cbc88000 	C:\Windows\SYSTEM32\ntdll.dll
0x00007ff8cb220000 - 0x00007ff8cb2df000 	C:\Windows\System32\KERNEL32.DLL
0x00007ff8c93d0000 - 0x00007ff8c96c6000 	C:\Windows\System32\KERNELBASE.dll
0x00007ff8c9170000 - 0x00007ff8c9270000 	C:\Windows\System32\ucrtbase.dll
0x00007ff8c4940000 - 0x00007ff8c4957000 	D:\Unity\6000.0.28f1\Editor\Data\PlaybackEngines\AndroidPlayer\OpenJDK\bin\jli.dll
0x00007ff89dd10000 - 0x00007ff89dd2b000 	D:\Unity\6000.0.28f1\Editor\Data\PlaybackEngines\AndroidPlayer\OpenJDK\bin\VCRUNTIME140.dll
0x00007ff8cb3a0000 - 0x00007ff8cb53d000 	C:\Windows\System32\USER32.dll
0x00007ff8c9890000 - 0x00007ff8c98b2000 	C:\Windows\System32\win32u.dll
0x00007ff8b8740000 - 0x00007ff8b89da000 	C:\Windows\WinSxS\amd64_microsoft.windows.common-controls_6595b64144ccf1df_6.0.19041.1110_none_60b5254171f9507e\COMCTL32.dll
0x00007ff8cb540000 - 0x00007ff8cb56c000 	C:\Windows\System32\GDI32.dll
0x00007ff8cb880000 - 0x00007ff8cb91e000 	C:\Windows\System32\msvcrt.dll
0x00007ff8c9770000 - 0x00007ff8c9885000 	C:\Windows\System32\gdi32full.dll
0x00007ff8c98c0000 - 0x00007ff8c995d000 	C:\Windows\System32\msvcp_win.dll
0x00007ff8c9e50000 - 0x00007ff8c9e80000 	C:\Windows\System32\IMM32.DLL
0x00007ff89dd00000 - 0x00007ff89dd0c000 	D:\Unity\6000.0.28f1\Editor\Data\PlaybackEngines\AndroidPlayer\OpenJDK\bin\vcruntime140_1.dll
0x00007ff828c70000 - 0x00007ff828cfd000 	D:\Unity\6000.0.28f1\Editor\Data\PlaybackEngines\AndroidPlayer\OpenJDK\bin\msvcp140.dll
0x00007ffffe610000 - 0x00007fffff271000 	D:\Unity\6000.0.28f1\Editor\Data\PlaybackEngines\AndroidPlayer\OpenJDK\bin\server\jvm.dll
0x00007ff8cb2e0000 - 0x00007ff8cb38f000 	C:\Windows\System32\ADVAPI32.dll
0x00007ff8cb580000 - 0x00007ff8cb61c000 	C:\Windows\System32\sechost.dll
0x00007ff8cb750000 - 0x00007ff8cb876000 	C:\Windows\System32\RPCRT4.dll
0x00007ff8c86f0000 - 0x00007ff8c873b000 	C:\Windows\SYSTEM32\POWRPROF.dll
0x00007ff8c3320000 - 0x00007ff8c3329000 	C:\Windows\SYSTEM32\WSOCK32.dll
0x00007ff8cae20000 - 0x00007ff8cae8b000 	C:\Windows\System32\WS2_32.dll
0x00007ff8c0e50000 - 0x00007ff8c0e77000 	C:\Windows\SYSTEM32\WINMM.dll
0x00007ff8c3860000 - 0x00007ff8c386a000 	C:\Windows\SYSTEM32\VERSION.dll
0x00007ff8c85b0000 - 0x00007ff8c85c2000 	C:\Windows\SYSTEM32\UMPDC.dll
0x00007ff8c6f70000 - 0x00007ff8c6f82000 	C:\Windows\SYSTEM32\kernel.appcore.dll
0x00007ff89dcf0000 - 0x00007ff89dcfa000 	D:\Unity\6000.0.28f1\Editor\Data\PlaybackEngines\AndroidPlayer\OpenJDK\bin\jimage.dll
0x00007ff8c02e0000 - 0x00007ff8c04c4000 	C:\Windows\SYSTEM32\DBGHELP.DLL
0x00007ff8bafa0000 - 0x00007ff8bafd4000 	C:\Windows\SYSTEM32\dbgcore.DLL
0x00007ff8c9a10000 - 0x00007ff8c9a92000 	C:\Windows\System32\bcryptPrimitives.dll
0x00007ff88ee90000 - 0x00007ff88eeb5000 	D:\Unity\6000.0.28f1\Editor\Data\PlaybackEngines\AndroidPlayer\OpenJDK\bin\java.dll

dbghelp: loaded successfully - version: 4.0.5 - missing functions: none
symbol engine: initialized successfully - sym options: 0x614 - pdb path: .;D:\Unity\6000.0.28f1\Editor\Data\PlaybackEngines\AndroidPlayer\OpenJDK\bin;C:\Windows\SYSTEM32;C:\Windows\WinSxS\amd64_microsoft.windows.common-controls_6595b64144ccf1df_6.0.19041.1110_none_60b5254171f9507e;D:\Unity\6000.0.28f1\Editor\Data\PlaybackEngines\AndroidPlayer\OpenJDK\bin\server

VM Arguments:
java_command: <unknown>
java_class_path (initial): <not set>
Launcher Type: SUN_STANDARD

[Global flags]
     intx CICompilerCount                          = 4                                         {product} {ergonomic}
     uint ConcGCThreads                            = 2                                         {product} {ergonomic}
     uint G1ConcRefinementThreads                  = 8                                         {product} {ergonomic}
   size_t G1HeapRegionSize                         = 2097152                                   {product} {ergonomic}
    uintx GCDrainStackTargetSize                   = 64                                        {product} {ergonomic}
   size_t InitialHeapSize                          = 268435456                                 {product} {ergonomic}
   size_t MarkStackSize                            = 4194304                                   {product} {ergonomic}
   size_t MaxHeapSize                              = 4271898624                                {product} {ergonomic}
   size_t MinHeapDeltaBytes                        = 2097152                                   {product} {ergonomic}
   size_t MinHeapSize                              = 8388608                                   {product} {ergonomic}
    uintx NonNMethodCodeHeapSize                   = 5839372                                {pd product} {ergonomic}
    uintx NonProfiledCodeHeapSize                  = 122909434                              {pd product} {ergonomic}
    uintx ProfiledCodeHeapSize                     = 122909434                              {pd product} {ergonomic}
    uintx ReservedCodeCacheSize                    = 251658240                              {pd product} {ergonomic}
     bool SegmentedCodeCache                       = true                                      {product} {ergonomic}
   size_t SoftMaxHeapSize                          = 4271898624                             {manageable} {ergonomic}
     bool UseCompressedClassPointers               = true                           {product lp64_product} {ergonomic}
     bool UseCompressedOops                        = true                           {product lp64_product} {ergonomic}
     bool UseG1GC                                  = true                                      {product} {ergonomic}
     bool UseLargePagesIndividualAllocation        = false                                  {pd product} {ergonomic}

Logging:
Log output configuration:
 #0: stdout all=warning uptime,level,tags
 #1: stderr all=off uptime,level,tags

Environment Variables:
JAVA_HOME=D:/Unity/6000.0.28f1/Editor/Data/PlaybackEngines/AndroidPlayer\OpenJDK
PATH=C:\Program Files\Common Files\Oracle\Java\javapath;C:\Windows\system32;C:\Windows;C:\Windows\System32\Wbem;C:\Windows\System32\WindowsPowerShell\v1.0\;C:\Windows\System32\OpenSSH\;C:\Program Files (x86)\NVIDIA Corporation\PhysX\Common;C:\Program Files\dotnet\;C:\Users\PC\AppData\Roaming\nvm;C:\Program Files\nodejs;C:\Program Files\Git\cmd;C:\Program Files\NVIDIA Corporation\NVIDIA app\NvDLISR;D:\Unity\6000.0.28f1\Editor\Data\PlaybackEngines\AndroidPlayer\OpenJDK\bin;C:\Users\PC\AppData\Local\Microsoft\WindowsApps;C:\Users\PC\AppData\Local\Programs\Microsoft VS Code\bin;C:\Users\PC\AppData\Roaming\nvm;C:\Program Files\nodejs;C:\Users\PC\AppData\Local\GitHubDesktop\bin;C:\Users\PC\.dotnet\tools
USERNAME=PC
OS=Windows_NT
PROCESSOR_IDENTIFIER=Intel64 Family 6 Model 165 Stepping 3, GenuineIntel
TMP=C:\Users\PC\AppData\Local\Temp
TEMP=C:\Users\PC\AppData\Local\Temp



Periodic native trim disabled


---------------  S Y S T E M  ---------------

OS:
 Windows 10 , 64 bit Build 19041 (10.0.19041.2913)
OS uptime: 0 days 7:20 hours

CPU: total 8 (initial active 8) (4 cores per cpu, 2 threads per core) family 6 model 165 stepping 3 microcode 0xf8, cx8, cmov, fxsr, ht, mmx, 3dnowpref, sse, sse2, sse3, ssse3, sse4.1, sse4.2, popcnt, lzcnt, tsc, tscinvbit, avx, avx2, aes, erms, clmul, bmi1, bmi2, adx, fma, vzeroupper, clflush, clflushopt
Processor Information for all 8 processors :
  Max Mhz: 3696, Current Mhz: 3696, Mhz Limit: 3696

Memory: 4k page, system-wide physical 16291M (3583M free)
TotalPageFile size 20690M (AvailPageFile size 138M)
current process WorkingSet (physical memory assigned to process): 10M, peak: 10M
current process commit charge ("private bytes"): 60M, peak: 316M

vm_info: OpenJDK 64-Bit Server VM (17.0.9+9) for windows-amd64 JRE (17.0.9+9), built on Oct 26 2023 14:01:42 by "admin" with MS VC++ 16.10 / 16.11 (VS2019)

END.
